<?xml version="1.0" encoding="UTF-8"?>
<testng-results skipped="0" failed="0" ignored="0" total="1" passed="1">
  <reporter-output>
  </reporter-output>
  <suite name="Default suite" duration-ms="9446" started-at="2019-11-16T16:08:41 IST" finished-at="2019-11-16T16:08:50 IST">
    <groups>
      <group name="cucumber">
        <method signature="AbstractTestNGCucumberTests.runScenario(cucumber.api.testng.PickleEventWrapper, cucumber.api.testng.CucumberFeatureWrapper)[pri:0, instance:com.leafBot.testcases.TC_ACME_GetInvoiceNumber@32d2fa64]" name="runScenario" class="cucumber.api.testng.AbstractTestNGCucumberTests"/>
      </group> <!-- cucumber -->
    </groups>
    <test name="Default test" duration-ms="9446" started-at="2019-11-16T16:08:41 IST" finished-at="2019-11-16T16:08:50 IST">
      <class name="com.leafBot.testcases.TC_ACME_GetInvoiceNumber">
        <test-method status="PASS" signature="startReport()[pri:0, instance:com.leafBot.testcases.TC_ACME_GetInvoiceNumber@32d2fa64]" name="startReport" is-config="true" duration-ms="321" started-at="2019-11-16T16:08:40 IST" finished-at="2019-11-16T16:08:41 IST">
          <reporter-output>
          </reporter-output>
        </test-method> <!-- startReport -->
        <test-method status="PASS" signature="setData()[pri:0, instance:com.leafBot.testcases.TC_ACME_GetInvoiceNumber@32d2fa64]" name="setData" is-config="true" duration-ms="1" started-at="2019-11-16T16:08:41 IST" finished-at="2019-11-16T16:08:41 IST">
          <reporter-output>
          </reporter-output>
        </test-method> <!-- setData -->
        <test-method status="PASS" signature="setUpClass()[pri:0, instance:com.leafBot.testcases.TC_ACME_GetInvoiceNumber@32d2fa64]" name="setUpClass" is-config="true" duration-ms="99" started-at="2019-11-16T16:08:41 IST" finished-at="2019-11-16T16:08:41 IST">
          <reporter-output>
          </reporter-output>
        </test-method> <!-- setUpClass -->
        <test-method status="PASS" signature="report()[pri:0, instance:com.leafBot.testcases.TC_ACME_GetInvoiceNumber@32d2fa64]" name="report" is-config="true" duration-ms="5" started-at="2019-11-16T16:08:41 IST" finished-at="2019-11-16T16:08:41 IST">
          <reporter-output>
          </reporter-output>
        </test-method> <!-- report -->
        <test-method status="PASS" signature="beforeMethod()[pri:0, instance:com.leafBot.testcases.TC_ACME_GetInvoiceNumber@32d2fa64]" name="beforeMethod" is-config="true" duration-ms="3193" started-at="2019-11-16T16:08:41 IST" finished-at="2019-11-16T16:08:44 IST">
          <reporter-output>
          </reporter-output>
        </test-method> <!-- beforeMethod -->
        <test-method status="PASS" signature="getInvoiceNumber()[pri:0, instance:com.leafBot.testcases.TC_ACME_GetInvoiceNumber@32d2fa64]" name="getInvoiceNumber" duration-ms="6008" started-at="2019-11-16T16:08:44 IST" finished-at="2019-11-16T16:08:50 IST">
          <reporter-output>
          </reporter-output>
        </test-method> <!-- getInvoiceNumber -->
        <test-method status="PASS" signature="afterMethod()[pri:0, instance:com.leafBot.testcases.TC_ACME_GetInvoiceNumber@32d2fa64]" name="afterMethod" is-config="true" duration-ms="93" started-at="2019-11-16T16:08:50 IST" finished-at="2019-11-16T16:08:50 IST">
          <reporter-output>
          </reporter-output>
        </test-method> <!-- afterMethod -->
        <test-method status="PASS" signature="tearDownClass()[pri:0, instance:com.leafBot.testcases.TC_ACME_GetInvoiceNumber@32d2fa64]" name="tearDownClass" is-config="true" duration-ms="4" started-at="2019-11-16T16:08:50 IST" finished-at="2019-11-16T16:08:50 IST">
          <reporter-output>
          </reporter-output>
        </test-method> <!-- tearDownClass -->
        <test-method status="PASS" signature="stopReport()[pri:0, instance:com.leafBot.testcases.TC_ACME_GetInvoiceNumber@32d2fa64]" name="stopReport" is-config="true" duration-ms="325" started-at="2019-11-16T16:08:50 IST" finished-at="2019-11-16T16:08:50 IST">
          <reporter-output>
          </reporter-output>
        </test-method> <!-- stopReport -->
      </class> <!-- com.leafBot.testcases.TC_ACME_GetInvoiceNumber -->
    </test> <!-- Default test -->
  </suite> <!-- Default suite -->
</testng-results>
