<?xml version="1.0" encoding="UTF-8"?>
<!-- Generated by org.testng.reporters.JUnitXMLReporter -->
<testsuite hostname="sysvinemp029-2.local" ignored="0" name="Test" tests="1" failures="0" timestamp="2019-11-16T15:58:52 IST" time="0.218" errors="0">
  <testcase name="@BeforeMethod beforeMethod" time="0.053" classname="com.leafBot.testng.api.base.ProjectSpecificMethods">
    <failure type="java.lang.NullPointerException">
      <![CDATA[java.lang.NullPointerException
at com.leafBot.selenium.api.base.SeleniumBase.takeSnap(SeleniumBase.java:467)
at utils.Reporter.reportStep(Reporter.java:48)
at utils.Reporter.reportStep(Reporter.java:64)
at com.leafBot.selenium.api.base.SeleniumBase.startApp(SeleniumBase.java:272)
at com.leafBot.testng.api.base.ProjectSpecificMethods.beforeMethod(ProjectSpecificMethods.java:23)
at java.util.ArrayList.forEach(ArrayList.java:1257)
... Removed 31 stack frames]]>
    </failure>
  </testcase> <!-- @BeforeMethod beforeMethod -->
  <testcase name="@AfterMethod afterMethod" time="-1.573900131986E9" classname="com.leafBot.testng.api.base.ProjectSpecificMethods">
    <skipped/>
  </testcase> <!-- @AfterMethod afterMethod -->
  <testcase name="getInvoiceNumber" time="0.0" classname="com.leafBot.testcases.TC_ACME_GetInvoiceNumber">
    <skipped/>
  </testcase> <!-- getInvoiceNumber -->
</testsuite> <!-- Test -->
